2024-09-03 22:37:04,945 [BombeRLeWorld] INFO: Initializing game world
2024-09-03 22:37:05,023 [BombeRLeWorld] INFO: STARTING ROUND #1
2024-09-03 22:37:05,038 [BombeRLeWorld] INFO: STARTING STEP 1
2024-09-03 22:37:05,038 [BombeRLeWorld] INFO: Agent <linear_q> chose action UP in 0.00s.
2024-09-03 22:37:05,040 [BombeRLeWorld] INFO: Agent <linear_q> stayed within acceptable think time.
2024-09-03 22:37:05,140 [BombeRLeWorld] INFO: STARTING STEP 2
2024-09-03 22:37:05,141 [BombeRLeWorld] INFO: Agent <linear_q> chose action UP in 0.00s.
2024-09-03 22:37:05,141 [BombeRLeWorld] INFO: Agent <linear_q> stayed within acceptable think time.
2024-09-03 22:37:05,237 [BombeRLeWorld] INFO: STARTING STEP 3
2024-09-03 22:37:05,238 [BombeRLeWorld] INFO: Agent <linear_q> chose action UP in 0.00s.
2024-09-03 22:37:05,239 [BombeRLeWorld] INFO: Agent <linear_q> stayed within acceptable think time.
2024-09-03 22:37:05,334 [BombeRLeWorld] INFO: STARTING STEP 4
2024-09-03 22:37:05,335 [BombeRLeWorld] INFO: Agent <linear_q> chose action UP in 0.00s.
2024-09-03 22:37:05,335 [BombeRLeWorld] INFO: Agent <linear_q> stayed within acceptable think time.
2024-09-03 22:37:05,440 [BombeRLeWorld] INFO: STARTING STEP 5
2024-09-03 22:37:05,440 [BombeRLeWorld] INFO: Agent <linear_q> chose action UP in 0.00s.
2024-09-03 22:37:05,440 [BombeRLeWorld] INFO: Agent <linear_q> stayed within acceptable think time.
2024-09-03 22:37:05,540 [BombeRLeWorld] INFO: STARTING STEP 6
2024-09-03 22:37:05,541 [BombeRLeWorld] INFO: Agent <linear_q> chose action UP in 0.00s.
2024-09-03 22:37:05,542 [BombeRLeWorld] INFO: Agent <linear_q> stayed within acceptable think time.
2024-09-03 22:37:05,641 [BombeRLeWorld] INFO: STARTING STEP 7
2024-09-03 22:37:05,642 [BombeRLeWorld] INFO: Agent <linear_q> chose action UP in 0.00s.
2024-09-03 22:37:05,642 [BombeRLeWorld] INFO: Agent <linear_q> stayed within acceptable think time.
2024-09-03 22:37:05,742 [BombeRLeWorld] INFO: STARTING STEP 8
2024-09-03 22:37:05,744 [BombeRLeWorld] INFO: Agent <linear_q> chose action UP in 0.00s.
2024-09-03 22:37:05,744 [BombeRLeWorld] INFO: Agent <linear_q> stayed within acceptable think time.
2024-09-03 22:37:05,845 [BombeRLeWorld] INFO: STARTING STEP 9
2024-09-03 22:37:05,846 [BombeRLeWorld] INFO: Agent <linear_q> chose action UP in 0.00s.
2024-09-03 22:37:05,846 [BombeRLeWorld] INFO: Agent <linear_q> stayed within acceptable think time.
2024-09-03 22:37:05,943 [BombeRLeWorld] INFO: STARTING STEP 10
2024-09-03 22:37:05,944 [BombeRLeWorld] INFO: Agent <linear_q> chose action UP in 0.00s.
2024-09-03 22:37:05,944 [BombeRLeWorld] INFO: Agent <linear_q> stayed within acceptable think time.
2024-09-03 22:37:06,043 [BombeRLeWorld] INFO: STARTING STEP 11
2024-09-03 22:37:06,045 [BombeRLeWorld] INFO: Agent <linear_q> chose action UP in 0.00s.
2024-09-03 22:37:06,045 [BombeRLeWorld] INFO: Agent <linear_q> stayed within acceptable think time.
2024-09-03 22:37:06,145 [BombeRLeWorld] INFO: STARTING STEP 12
2024-09-03 22:37:06,146 [BombeRLeWorld] INFO: Agent <linear_q> chose action UP in 0.00s.
2024-09-03 22:37:06,146 [BombeRLeWorld] INFO: Agent <linear_q> stayed within acceptable think time.
2024-09-03 22:37:06,245 [BombeRLeWorld] INFO: STARTING STEP 13
2024-09-03 22:37:06,246 [BombeRLeWorld] INFO: Agent <linear_q> chose action UP in 0.00s.
2024-09-03 22:37:06,246 [BombeRLeWorld] INFO: Agent <linear_q> stayed within acceptable think time.
2024-09-03 22:37:06,346 [BombeRLeWorld] INFO: STARTING STEP 14
2024-09-03 22:37:06,347 [BombeRLeWorld] INFO: Agent <linear_q> chose action UP in 0.00s.
2024-09-03 22:37:06,347 [BombeRLeWorld] INFO: Agent <linear_q> stayed within acceptable think time.
2024-09-03 22:37:06,448 [BombeRLeWorld] INFO: STARTING STEP 15
2024-09-03 22:37:06,449 [BombeRLeWorld] INFO: Agent <linear_q> chose action UP in 0.00s.
2024-09-03 22:37:06,450 [BombeRLeWorld] INFO: Agent <linear_q> stayed within acceptable think time.
2024-09-03 22:37:06,549 [BombeRLeWorld] INFO: STARTING STEP 16
2024-09-03 22:37:06,549 [BombeRLeWorld] INFO: Agent <linear_q> chose action UP in 0.00s.
2024-09-03 22:37:06,551 [BombeRLeWorld] INFO: Agent <linear_q> stayed within acceptable think time.
2024-09-03 22:37:06,649 [BombeRLeWorld] INFO: STARTING STEP 17
2024-09-03 22:37:06,651 [BombeRLeWorld] INFO: Agent <linear_q> chose action UP in 0.00s.
2024-09-03 22:37:06,651 [BombeRLeWorld] INFO: Agent <linear_q> stayed within acceptable think time.
2024-09-03 22:37:06,751 [BombeRLeWorld] INFO: STARTING STEP 18
2024-09-03 22:37:06,752 [BombeRLeWorld] INFO: Agent <linear_q> chose action UP in 0.00s.
2024-09-03 22:37:06,752 [BombeRLeWorld] INFO: Agent <linear_q> stayed within acceptable think time.
2024-09-03 22:37:06,852 [BombeRLeWorld] INFO: STARTING STEP 19
2024-09-03 22:37:06,853 [BombeRLeWorld] INFO: Agent <linear_q> chose action UP in 0.00s.
2024-09-03 22:37:06,853 [BombeRLeWorld] INFO: Agent <linear_q> stayed within acceptable think time.
2024-09-03 22:37:06,955 [BombeRLeWorld] INFO: STARTING STEP 20
2024-09-03 22:37:06,957 [BombeRLeWorld] INFO: Agent <linear_q> chose action UP in 0.00s.
2024-09-03 22:37:06,957 [BombeRLeWorld] INFO: Agent <linear_q> stayed within acceptable think time.
2024-09-03 22:37:07,054 [BombeRLeWorld] INFO: STARTING STEP 21
2024-09-03 22:37:07,055 [BombeRLeWorld] INFO: Agent <linear_q> chose action UP in 0.00s.
2024-09-03 22:37:07,055 [BombeRLeWorld] INFO: Agent <linear_q> stayed within acceptable think time.
2024-09-03 22:37:07,155 [BombeRLeWorld] INFO: STARTING STEP 22
2024-09-03 22:37:07,156 [BombeRLeWorld] INFO: Agent <linear_q> chose action UP in 0.00s.
2024-09-03 22:37:07,157 [BombeRLeWorld] INFO: Agent <linear_q> stayed within acceptable think time.
2024-09-03 22:37:07,257 [BombeRLeWorld] INFO: STARTING STEP 23
2024-09-03 22:37:07,257 [BombeRLeWorld] INFO: Agent <linear_q> chose action UP in 0.00s.
2024-09-03 22:37:07,259 [BombeRLeWorld] INFO: Agent <linear_q> stayed within acceptable think time.
2024-09-03 22:37:07,358 [BombeRLeWorld] INFO: STARTING STEP 24
2024-09-03 22:37:07,358 [BombeRLeWorld] INFO: Agent <linear_q> chose action UP in 0.00s.
2024-09-03 22:37:07,358 [BombeRLeWorld] INFO: Agent <linear_q> stayed within acceptable think time.
2024-09-03 22:37:07,460 [BombeRLeWorld] INFO: STARTING STEP 25
2024-09-03 22:37:07,462 [BombeRLeWorld] INFO: Agent <linear_q> chose action UP in 0.00s.
2024-09-03 22:37:07,463 [BombeRLeWorld] INFO: Agent <linear_q> stayed within acceptable think time.
2024-09-03 22:37:07,560 [BombeRLeWorld] INFO: STARTING STEP 26
2024-09-03 22:37:07,561 [BombeRLeWorld] INFO: Agent <linear_q> chose action UP in 0.00s.
2024-09-03 22:37:07,561 [BombeRLeWorld] INFO: Agent <linear_q> stayed within acceptable think time.
2024-09-03 22:37:07,660 [BombeRLeWorld] INFO: STARTING STEP 27
2024-09-03 22:37:07,662 [BombeRLeWorld] INFO: Agent <linear_q> chose action UP in 0.00s.
2024-09-03 22:37:07,662 [BombeRLeWorld] INFO: Agent <linear_q> stayed within acceptable think time.
2024-09-03 22:37:07,762 [BombeRLeWorld] INFO: STARTING STEP 28
2024-09-03 22:37:07,763 [BombeRLeWorld] INFO: Agent <linear_q> chose action UP in 0.00s.
2024-09-03 22:37:07,764 [BombeRLeWorld] INFO: Agent <linear_q> stayed within acceptable think time.
2024-09-03 22:37:07,864 [BombeRLeWorld] INFO: STARTING STEP 29
2024-09-03 22:37:07,865 [BombeRLeWorld] INFO: Agent <linear_q> chose action UP in 0.00s.
2024-09-03 22:37:07,865 [BombeRLeWorld] INFO: Agent <linear_q> stayed within acceptable think time.
2024-09-03 22:37:07,965 [BombeRLeWorld] INFO: STARTING STEP 30
2024-09-03 22:37:07,966 [BombeRLeWorld] INFO: Agent <linear_q> chose action UP in 0.00s.
2024-09-03 22:37:07,967 [BombeRLeWorld] INFO: Agent <linear_q> stayed within acceptable think time.
2024-09-03 22:37:08,066 [BombeRLeWorld] INFO: STARTING STEP 31
2024-09-03 22:37:08,067 [BombeRLeWorld] INFO: Agent <linear_q> chose action UP in 0.00s.
2024-09-03 22:37:08,068 [BombeRLeWorld] INFO: Agent <linear_q> stayed within acceptable think time.
2024-09-03 22:37:08,166 [BombeRLeWorld] INFO: STARTING STEP 32
2024-09-03 22:37:08,167 [BombeRLeWorld] INFO: Agent <linear_q> chose action UP in 0.00s.
2024-09-03 22:37:08,167 [BombeRLeWorld] INFO: Agent <linear_q> stayed within acceptable think time.
2024-09-03 22:37:08,269 [BombeRLeWorld] INFO: STARTING STEP 33
2024-09-03 22:37:08,270 [BombeRLeWorld] INFO: Agent <linear_q> chose action UP in 0.00s.
2024-09-03 22:37:08,271 [BombeRLeWorld] INFO: Agent <linear_q> stayed within acceptable think time.
2024-09-03 22:37:08,369 [BombeRLeWorld] INFO: STARTING STEP 34
2024-09-03 22:37:08,371 [BombeRLeWorld] INFO: Agent <linear_q> chose action UP in 0.00s.
2024-09-03 22:37:08,371 [BombeRLeWorld] INFO: Agent <linear_q> stayed within acceptable think time.
2024-09-03 22:37:08,470 [BombeRLeWorld] INFO: STARTING STEP 35
2024-09-03 22:37:08,471 [BombeRLeWorld] INFO: Agent <linear_q> chose action UP in 0.00s.
2024-09-03 22:37:08,472 [BombeRLeWorld] INFO: Agent <linear_q> stayed within acceptable think time.
2024-09-03 22:37:08,572 [BombeRLeWorld] INFO: STARTING STEP 36
2024-09-03 22:37:08,573 [BombeRLeWorld] INFO: Agent <linear_q> chose action UP in 0.00s.
2024-09-03 22:37:08,574 [BombeRLeWorld] INFO: Agent <linear_q> stayed within acceptable think time.
2024-09-03 22:37:08,671 [BombeRLeWorld] INFO: STARTING STEP 37
2024-09-03 22:37:08,672 [BombeRLeWorld] INFO: Agent <linear_q> chose action UP in 0.00s.
2024-09-03 22:37:08,673 [BombeRLeWorld] INFO: Agent <linear_q> stayed within acceptable think time.
2024-09-03 22:37:08,773 [BombeRLeWorld] INFO: STARTING STEP 38
2024-09-03 22:37:08,774 [BombeRLeWorld] INFO: Agent <linear_q> chose action UP in 0.00s.
2024-09-03 22:37:08,774 [BombeRLeWorld] INFO: Agent <linear_q> stayed within acceptable think time.
2024-09-03 22:37:08,873 [BombeRLeWorld] INFO: STARTING STEP 39
2024-09-03 22:37:08,874 [BombeRLeWorld] INFO: Agent <linear_q> chose action UP in 0.00s.
2024-09-03 22:37:08,874 [BombeRLeWorld] INFO: Agent <linear_q> stayed within acceptable think time.
2024-09-03 22:37:08,974 [BombeRLeWorld] INFO: STARTING STEP 40
2024-09-03 22:37:08,975 [BombeRLeWorld] INFO: Agent <linear_q> chose action UP in 0.00s.
2024-09-03 22:37:08,975 [BombeRLeWorld] INFO: Agent <linear_q> stayed within acceptable think time.
2024-09-03 22:37:09,075 [BombeRLeWorld] INFO: STARTING STEP 41
2024-09-03 22:37:09,076 [BombeRLeWorld] INFO: Agent <linear_q> chose action UP in 0.00s.
2024-09-03 22:37:09,076 [BombeRLeWorld] INFO: Agent <linear_q> stayed within acceptable think time.
2024-09-03 22:37:09,175 [BombeRLeWorld] INFO: STARTING STEP 42
2024-09-03 22:37:09,176 [BombeRLeWorld] INFO: Agent <linear_q> chose action UP in 0.00s.
2024-09-03 22:37:09,177 [BombeRLeWorld] INFO: Agent <linear_q> stayed within acceptable think time.
2024-09-03 22:37:09,277 [BombeRLeWorld] INFO: STARTING STEP 43
2024-09-03 22:37:09,277 [BombeRLeWorld] INFO: Agent <linear_q> chose action UP in 0.00s.
2024-09-03 22:37:09,279 [BombeRLeWorld] INFO: Agent <linear_q> stayed within acceptable think time.
2024-09-03 22:37:09,377 [BombeRLeWorld] INFO: STARTING STEP 44
2024-09-03 22:37:09,379 [BombeRLeWorld] INFO: Agent <linear_q> chose action UP in 0.00s.
2024-09-03 22:37:09,379 [BombeRLeWorld] INFO: Agent <linear_q> stayed within acceptable think time.
2024-09-03 22:37:09,481 [BombeRLeWorld] INFO: STARTING STEP 45
2024-09-03 22:37:09,482 [BombeRLeWorld] INFO: Agent <linear_q> chose action UP in 0.00s.
2024-09-03 22:37:09,482 [BombeRLeWorld] INFO: Agent <linear_q> stayed within acceptable think time.
2024-09-03 22:37:09,577 [BombeRLeWorld] INFO: STARTING STEP 46
2024-09-03 22:37:09,580 [BombeRLeWorld] INFO: Agent <linear_q> chose action UP in 0.00s.
2024-09-03 22:37:09,580 [BombeRLeWorld] INFO: Agent <linear_q> stayed within acceptable think time.
2024-09-03 22:37:09,679 [BombeRLeWorld] INFO: STARTING STEP 47
2024-09-03 22:37:09,680 [BombeRLeWorld] INFO: Agent <linear_q> chose action UP in 0.00s.
2024-09-03 22:37:09,680 [BombeRLeWorld] INFO: Agent <linear_q> stayed within acceptable think time.
2024-09-03 22:37:09,780 [BombeRLeWorld] INFO: STARTING STEP 48
2024-09-03 22:37:09,781 [BombeRLeWorld] INFO: Agent <linear_q> chose action UP in 0.00s.
2024-09-03 22:37:09,781 [BombeRLeWorld] INFO: Agent <linear_q> stayed within acceptable think time.
2024-09-03 22:37:09,894 [BombeRLeWorld] INFO: STARTING STEP 49
2024-09-03 22:37:09,895 [BombeRLeWorld] INFO: Agent <linear_q> chose action UP in 0.00s.
2024-09-03 22:37:09,896 [BombeRLeWorld] INFO: Agent <linear_q> stayed within acceptable think time.
2024-09-03 22:37:09,986 [BombeRLeWorld] INFO: STARTING STEP 50
2024-09-03 22:37:09,986 [BombeRLeWorld] INFO: Agent <linear_q> chose action UP in 0.00s.
2024-09-03 22:37:09,988 [BombeRLeWorld] INFO: Agent <linear_q> stayed within acceptable think time.
2024-09-03 22:37:10,090 [BombeRLeWorld] INFO: STARTING STEP 51
2024-09-03 22:37:10,091 [BombeRLeWorld] INFO: Agent <linear_q> chose action UP in 0.00s.
2024-09-03 22:37:10,091 [BombeRLeWorld] INFO: Agent <linear_q> stayed within acceptable think time.
2024-09-03 22:37:10,186 [BombeRLeWorld] INFO: STARTING STEP 52
2024-09-03 22:37:10,187 [BombeRLeWorld] INFO: Agent <linear_q> chose action UP in 0.00s.
2024-09-03 22:37:10,188 [BombeRLeWorld] INFO: Agent <linear_q> stayed within acceptable think time.
2024-09-03 22:37:10,285 [BombeRLeWorld] INFO: STARTING STEP 53
2024-09-03 22:37:10,286 [BombeRLeWorld] INFO: Agent <linear_q> chose action UP in 0.00s.
2024-09-03 22:37:10,287 [BombeRLeWorld] INFO: Agent <linear_q> stayed within acceptable think time.
2024-09-03 22:37:10,387 [BombeRLeWorld] INFO: STARTING STEP 54
2024-09-03 22:37:10,388 [BombeRLeWorld] INFO: Agent <linear_q> chose action UP in 0.00s.
2024-09-03 22:37:10,388 [BombeRLeWorld] INFO: Agent <linear_q> stayed within acceptable think time.
2024-09-03 22:37:10,487 [BombeRLeWorld] INFO: STARTING STEP 55
2024-09-03 22:37:10,489 [BombeRLeWorld] INFO: Agent <linear_q> chose action UP in 0.00s.
2024-09-03 22:37:10,490 [BombeRLeWorld] INFO: Agent <linear_q> stayed within acceptable think time.
2024-09-03 22:37:10,591 [BombeRLeWorld] INFO: STARTING STEP 56
2024-09-03 22:37:10,592 [BombeRLeWorld] INFO: Agent <linear_q> chose action UP in 0.00s.
2024-09-03 22:37:10,592 [BombeRLeWorld] INFO: Agent <linear_q> stayed within acceptable think time.
2024-09-03 22:37:10,691 [BombeRLeWorld] INFO: STARTING STEP 57
2024-09-03 22:37:10,692 [BombeRLeWorld] INFO: Agent <linear_q> chose action UP in 0.00s.
2024-09-03 22:37:10,693 [BombeRLeWorld] INFO: Agent <linear_q> stayed within acceptable think time.
2024-09-03 22:37:10,789 [BombeRLeWorld] INFO: STARTING STEP 58
2024-09-03 22:37:10,790 [BombeRLeWorld] INFO: Agent <linear_q> chose action UP in 0.00s.
2024-09-03 22:37:10,790 [BombeRLeWorld] INFO: Agent <linear_q> stayed within acceptable think time.
2024-09-03 22:37:10,890 [BombeRLeWorld] INFO: STARTING STEP 59
2024-09-03 22:37:10,891 [BombeRLeWorld] INFO: Agent <linear_q> chose action UP in 0.00s.
2024-09-03 22:37:10,891 [BombeRLeWorld] INFO: Agent <linear_q> stayed within acceptable think time.
2024-09-03 22:37:10,990 [BombeRLeWorld] INFO: STARTING STEP 60
2024-09-03 22:37:10,992 [BombeRLeWorld] INFO: Agent <linear_q> chose action UP in 0.00s.
2024-09-03 22:37:10,992 [BombeRLeWorld] INFO: Agent <linear_q> stayed within acceptable think time.
2024-09-03 22:37:11,092 [BombeRLeWorld] INFO: STARTING STEP 61
2024-09-03 22:37:11,094 [BombeRLeWorld] INFO: Agent <linear_q> chose action UP in 0.00s.
2024-09-03 22:37:11,094 [BombeRLeWorld] INFO: Agent <linear_q> stayed within acceptable think time.
2024-09-03 22:37:11,193 [BombeRLeWorld] INFO: STARTING STEP 62
2024-09-03 22:37:11,194 [BombeRLeWorld] INFO: Agent <linear_q> chose action UP in 0.00s.
2024-09-03 22:37:11,195 [BombeRLeWorld] INFO: Agent <linear_q> stayed within acceptable think time.
2024-09-03 22:37:11,294 [BombeRLeWorld] INFO: STARTING STEP 63
2024-09-03 22:37:11,295 [BombeRLeWorld] INFO: Agent <linear_q> chose action UP in 0.00s.
2024-09-03 22:37:11,295 [BombeRLeWorld] INFO: Agent <linear_q> stayed within acceptable think time.
2024-09-03 22:37:11,393 [BombeRLeWorld] INFO: STARTING STEP 64
2024-09-03 22:37:11,395 [BombeRLeWorld] INFO: Agent <linear_q> chose action UP in 0.00s.
2024-09-03 22:37:11,395 [BombeRLeWorld] INFO: Agent <linear_q> stayed within acceptable think time.
2024-09-03 22:37:11,495 [BombeRLeWorld] INFO: STARTING STEP 65
2024-09-03 22:37:11,496 [BombeRLeWorld] INFO: Agent <linear_q> chose action UP in 0.00s.
2024-09-03 22:37:11,497 [BombeRLeWorld] INFO: Agent <linear_q> stayed within acceptable think time.
2024-09-03 22:37:11,596 [BombeRLeWorld] INFO: STARTING STEP 66
2024-09-03 22:37:11,597 [BombeRLeWorld] INFO: Agent <linear_q> chose action UP in 0.00s.
2024-09-03 22:37:11,597 [BombeRLeWorld] INFO: Agent <linear_q> stayed within acceptable think time.
2024-09-03 22:37:11,696 [BombeRLeWorld] INFO: STARTING STEP 67
2024-09-03 22:37:11,697 [BombeRLeWorld] INFO: Agent <linear_q> chose action UP in 0.00s.
2024-09-03 22:37:11,697 [BombeRLeWorld] INFO: Agent <linear_q> stayed within acceptable think time.
2024-09-03 22:37:11,797 [BombeRLeWorld] INFO: STARTING STEP 68
2024-09-03 22:37:11,798 [BombeRLeWorld] INFO: Agent <linear_q> chose action UP in 0.00s.
2024-09-03 22:37:11,798 [BombeRLeWorld] INFO: Agent <linear_q> stayed within acceptable think time.
2024-09-03 22:37:11,898 [BombeRLeWorld] INFO: STARTING STEP 69
2024-09-03 22:37:11,899 [BombeRLeWorld] INFO: Agent <linear_q> chose action UP in 0.00s.
2024-09-03 22:37:11,899 [BombeRLeWorld] INFO: Agent <linear_q> stayed within acceptable think time.
2024-09-03 22:37:11,998 [BombeRLeWorld] INFO: STARTING STEP 70
2024-09-03 22:37:11,999 [BombeRLeWorld] INFO: Agent <linear_q> chose action UP in 0.00s.
2024-09-03 22:37:12,001 [BombeRLeWorld] INFO: Agent <linear_q> stayed within acceptable think time.
2024-09-03 22:37:12,102 [BombeRLeWorld] INFO: STARTING STEP 71
2024-09-03 22:37:12,103 [BombeRLeWorld] INFO: Agent <linear_q> chose action UP in 0.00s.
2024-09-03 22:37:12,103 [BombeRLeWorld] INFO: Agent <linear_q> stayed within acceptable think time.
2024-09-03 22:37:12,201 [BombeRLeWorld] INFO: STARTING STEP 72
2024-09-03 22:37:12,202 [BombeRLeWorld] INFO: Agent <linear_q> chose action UP in 0.00s.
2024-09-03 22:37:12,203 [BombeRLeWorld] INFO: Agent <linear_q> stayed within acceptable think time.
2024-09-03 22:37:12,302 [BombeRLeWorld] INFO: STARTING STEP 73
2024-09-03 22:37:12,304 [BombeRLeWorld] INFO: Agent <linear_q> chose action UP in 0.00s.
2024-09-03 22:37:12,304 [BombeRLeWorld] INFO: Agent <linear_q> stayed within acceptable think time.
2024-09-03 22:37:12,405 [BombeRLeWorld] INFO: STARTING STEP 74
2024-09-03 22:37:12,406 [BombeRLeWorld] INFO: Agent <linear_q> chose action UP in 0.00s.
2024-09-03 22:37:12,406 [BombeRLeWorld] INFO: Agent <linear_q> stayed within acceptable think time.
2024-09-03 22:37:12,504 [BombeRLeWorld] INFO: STARTING STEP 75
2024-09-03 22:37:12,505 [BombeRLeWorld] INFO: Agent <linear_q> chose action UP in 0.00s.
2024-09-03 22:37:12,505 [BombeRLeWorld] INFO: Agent <linear_q> stayed within acceptable think time.
2024-09-03 22:37:12,607 [BombeRLeWorld] INFO: STARTING STEP 76
2024-09-03 22:37:12,608 [BombeRLeWorld] INFO: Agent <linear_q> chose action UP in 0.00s.
2024-09-03 22:37:12,608 [BombeRLeWorld] INFO: Agent <linear_q> stayed within acceptable think time.
2024-09-03 22:37:12,708 [BombeRLeWorld] INFO: STARTING STEP 77
2024-09-03 22:37:12,710 [BombeRLeWorld] INFO: Agent <linear_q> chose action UP in 0.00s.
2024-09-03 22:37:12,710 [BombeRLeWorld] INFO: Agent <linear_q> stayed within acceptable think time.
2024-09-03 22:37:12,807 [BombeRLeWorld] INFO: STARTING STEP 78
2024-09-03 22:37:12,809 [BombeRLeWorld] INFO: Agent <linear_q> chose action UP in 0.00s.
2024-09-03 22:37:12,809 [BombeRLeWorld] INFO: Agent <linear_q> stayed within acceptable think time.
2024-09-03 22:37:12,909 [BombeRLeWorld] INFO: STARTING STEP 79
2024-09-03 22:37:12,910 [BombeRLeWorld] INFO: Agent <linear_q> chose action UP in 0.00s.
2024-09-03 22:37:12,910 [BombeRLeWorld] INFO: Agent <linear_q> stayed within acceptable think time.
2024-09-03 22:37:13,007 [BombeRLeWorld] INFO: STARTING STEP 80
2024-09-03 22:37:13,009 [BombeRLeWorld] INFO: Agent <linear_q> chose action UP in 0.00s.
2024-09-03 22:37:13,010 [BombeRLeWorld] INFO: Agent <linear_q> stayed within acceptable think time.
2024-09-03 22:37:13,111 [BombeRLeWorld] INFO: STARTING STEP 81
2024-09-03 22:37:13,112 [BombeRLeWorld] INFO: Agent <linear_q> chose action UP in 0.00s.
2024-09-03 22:37:13,112 [BombeRLeWorld] INFO: Agent <linear_q> stayed within acceptable think time.
2024-09-03 22:37:13,213 [BombeRLeWorld] INFO: STARTING STEP 82
2024-09-03 22:37:13,214 [BombeRLeWorld] INFO: Agent <linear_q> chose action UP in 0.00s.
2024-09-03 22:37:13,214 [BombeRLeWorld] INFO: Agent <linear_q> stayed within acceptable think time.
2024-09-03 22:37:13,310 [BombeRLeWorld] INFO: STARTING STEP 83
2024-09-03 22:37:13,311 [BombeRLeWorld] INFO: Agent <linear_q> chose action UP in 0.00s.
2024-09-03 22:37:13,311 [BombeRLeWorld] INFO: Agent <linear_q> stayed within acceptable think time.
2024-09-03 22:37:13,409 [BombeRLeWorld] INFO: STARTING STEP 84
2024-09-03 22:37:13,410 [BombeRLeWorld] INFO: Agent <linear_q> chose action UP in 0.00s.
2024-09-03 22:37:13,410 [BombeRLeWorld] INFO: Agent <linear_q> stayed within acceptable think time.
2024-09-03 22:37:13,509 [BombeRLeWorld] INFO: STARTING STEP 85
2024-09-03 22:37:13,511 [BombeRLeWorld] INFO: Agent <linear_q> chose action UP in 0.00s.
2024-09-03 22:37:13,511 [BombeRLeWorld] INFO: Agent <linear_q> stayed within acceptable think time.
2024-09-03 22:37:13,611 [BombeRLeWorld] INFO: STARTING STEP 86
2024-09-03 22:37:13,612 [BombeRLeWorld] INFO: Agent <linear_q> chose action UP in 0.00s.
2024-09-03 22:37:13,612 [BombeRLeWorld] INFO: Agent <linear_q> stayed within acceptable think time.
2024-09-03 22:37:13,712 [BombeRLeWorld] INFO: STARTING STEP 87
2024-09-03 22:37:13,713 [BombeRLeWorld] INFO: Agent <linear_q> chose action UP in 0.00s.
2024-09-03 22:37:13,713 [BombeRLeWorld] INFO: Agent <linear_q> stayed within acceptable think time.
2024-09-03 22:37:13,813 [BombeRLeWorld] INFO: STARTING STEP 88
2024-09-03 22:37:13,814 [BombeRLeWorld] INFO: Agent <linear_q> chose action UP in 0.00s.
2024-09-03 22:37:13,814 [BombeRLeWorld] INFO: Agent <linear_q> stayed within acceptable think time.
2024-09-03 22:37:13,913 [BombeRLeWorld] INFO: STARTING STEP 89
2024-09-03 22:37:13,914 [BombeRLeWorld] INFO: Agent <linear_q> chose action UP in 0.00s.
2024-09-03 22:37:13,914 [BombeRLeWorld] INFO: Agent <linear_q> stayed within acceptable think time.
2024-09-03 22:37:14,015 [BombeRLeWorld] INFO: STARTING STEP 90
2024-09-03 22:37:14,016 [BombeRLeWorld] INFO: Agent <linear_q> chose action UP in 0.00s.
2024-09-03 22:37:14,016 [BombeRLeWorld] INFO: Agent <linear_q> stayed within acceptable think time.
2024-09-03 22:37:14,115 [BombeRLeWorld] INFO: STARTING STEP 91
2024-09-03 22:37:14,116 [BombeRLeWorld] INFO: Agent <linear_q> chose action UP in 0.00s.
2024-09-03 22:37:14,117 [BombeRLeWorld] INFO: Agent <linear_q> stayed within acceptable think time.
2024-09-03 22:37:14,215 [BombeRLeWorld] INFO: STARTING STEP 92
2024-09-03 22:37:14,216 [BombeRLeWorld] INFO: Agent <linear_q> chose action UP in 0.00s.
2024-09-03 22:37:14,216 [BombeRLeWorld] INFO: Agent <linear_q> stayed within acceptable think time.
2024-09-03 22:37:14,314 [BombeRLeWorld] INFO: STARTING STEP 93
2024-09-03 22:37:14,315 [BombeRLeWorld] INFO: Agent <linear_q> chose action UP in 0.00s.
2024-09-03 22:37:14,315 [BombeRLeWorld] INFO: Agent <linear_q> stayed within acceptable think time.
2024-09-03 22:37:14,415 [BombeRLeWorld] INFO: STARTING STEP 94
2024-09-03 22:37:14,416 [BombeRLeWorld] INFO: Agent <linear_q> chose action UP in 0.00s.
2024-09-03 22:37:14,416 [BombeRLeWorld] INFO: Agent <linear_q> stayed within acceptable think time.
2024-09-03 22:37:14,516 [BombeRLeWorld] INFO: STARTING STEP 95
2024-09-03 22:37:14,517 [BombeRLeWorld] INFO: Agent <linear_q> chose action UP in 0.00s.
2024-09-03 22:37:14,517 [BombeRLeWorld] INFO: Agent <linear_q> stayed within acceptable think time.
2024-09-03 22:37:14,617 [BombeRLeWorld] INFO: STARTING STEP 96
2024-09-03 22:37:14,619 [BombeRLeWorld] INFO: Agent <linear_q> chose action UP in 0.00s.
2024-09-03 22:37:14,619 [BombeRLeWorld] INFO: Agent <linear_q> stayed within acceptable think time.
2024-09-03 22:37:14,719 [BombeRLeWorld] INFO: STARTING STEP 97
2024-09-03 22:37:14,721 [BombeRLeWorld] INFO: Agent <linear_q> chose action UP in 0.00s.
2024-09-03 22:37:14,721 [BombeRLeWorld] INFO: Agent <linear_q> stayed within acceptable think time.
2024-09-03 22:37:14,820 [BombeRLeWorld] INFO: STARTING STEP 98
2024-09-03 22:37:14,821 [BombeRLeWorld] INFO: Agent <linear_q> chose action UP in 0.00s.
2024-09-03 22:37:14,821 [BombeRLeWorld] INFO: Agent <linear_q> stayed within acceptable think time.
2024-09-03 22:37:14,923 [BombeRLeWorld] INFO: STARTING STEP 99
2024-09-03 22:37:14,924 [BombeRLeWorld] INFO: Agent <linear_q> chose action UP in 0.00s.
2024-09-03 22:37:14,925 [BombeRLeWorld] INFO: Agent <linear_q> stayed within acceptable think time.
2024-09-03 22:37:15,025 [BombeRLeWorld] INFO: STARTING STEP 100
2024-09-03 22:37:15,026 [BombeRLeWorld] INFO: Agent <linear_q> chose action UP in 0.00s.
2024-09-03 22:37:15,027 [BombeRLeWorld] INFO: Agent <linear_q> stayed within acceptable think time.
2024-09-03 22:37:15,124 [BombeRLeWorld] INFO: STARTING STEP 101
2024-09-03 22:37:15,125 [BombeRLeWorld] INFO: Agent <linear_q> chose action UP in 0.00s.
2024-09-03 22:37:15,125 [BombeRLeWorld] INFO: Agent <linear_q> stayed within acceptable think time.
2024-09-03 22:37:15,229 [BombeRLeWorld] INFO: STARTING STEP 102
2024-09-03 22:37:15,230 [BombeRLeWorld] INFO: Agent <linear_q> chose action UP in 0.00s.
2024-09-03 22:37:15,231 [BombeRLeWorld] INFO: Agent <linear_q> stayed within acceptable think time.
2024-09-03 22:37:15,327 [BombeRLeWorld] INFO: STARTING STEP 103
2024-09-03 22:37:15,327 [BombeRLeWorld] INFO: Agent <linear_q> chose action UP in 0.00s.
2024-09-03 22:37:15,327 [BombeRLeWorld] INFO: Agent <linear_q> stayed within acceptable think time.
2024-09-03 22:37:15,426 [BombeRLeWorld] INFO: STARTING STEP 104
2024-09-03 22:37:15,428 [BombeRLeWorld] INFO: Agent <linear_q> chose action UP in 0.00s.
2024-09-03 22:37:15,429 [BombeRLeWorld] INFO: Agent <linear_q> stayed within acceptable think time.
2024-09-03 22:37:15,530 [BombeRLeWorld] INFO: STARTING STEP 105
2024-09-03 22:37:15,531 [BombeRLeWorld] INFO: Agent <linear_q> chose action UP in 0.00s.
2024-09-03 22:37:15,531 [BombeRLeWorld] INFO: Agent <linear_q> stayed within acceptable think time.
2024-09-03 22:37:15,629 [BombeRLeWorld] INFO: STARTING STEP 106
2024-09-03 22:37:15,631 [BombeRLeWorld] INFO: Agent <linear_q> chose action UP in 0.00s.
2024-09-03 22:37:15,631 [BombeRLeWorld] INFO: Agent <linear_q> stayed within acceptable think time.
2024-09-03 22:37:15,729 [BombeRLeWorld] INFO: STARTING STEP 107
2024-09-03 22:37:15,730 [BombeRLeWorld] INFO: Agent <linear_q> chose action UP in 0.00s.
2024-09-03 22:37:15,731 [BombeRLeWorld] INFO: Agent <linear_q> stayed within acceptable think time.
2024-09-03 22:37:15,831 [BombeRLeWorld] INFO: STARTING STEP 108
2024-09-03 22:37:15,832 [BombeRLeWorld] INFO: Agent <linear_q> chose action UP in 0.00s.
2024-09-03 22:37:15,832 [BombeRLeWorld] INFO: Agent <linear_q> stayed within acceptable think time.
2024-09-03 22:37:15,932 [BombeRLeWorld] INFO: STARTING STEP 109
2024-09-03 22:37:15,934 [BombeRLeWorld] INFO: Agent <linear_q> chose action UP in 0.00s.
2024-09-03 22:37:15,934 [BombeRLeWorld] INFO: Agent <linear_q> stayed within acceptable think time.
2024-09-03 22:37:16,035 [BombeRLeWorld] INFO: STARTING STEP 110
2024-09-03 22:37:16,037 [BombeRLeWorld] INFO: Agent <linear_q> chose action UP in 0.00s.
2024-09-03 22:37:16,037 [BombeRLeWorld] INFO: Agent <linear_q> stayed within acceptable think time.
2024-09-03 22:37:16,140 [BombeRLeWorld] INFO: STARTING STEP 111
2024-09-03 22:37:16,141 [BombeRLeWorld] INFO: Agent <linear_q> chose action UP in 0.00s.
2024-09-03 22:37:16,141 [BombeRLeWorld] INFO: Agent <linear_q> stayed within acceptable think time.
2024-09-03 22:37:16,237 [BombeRLeWorld] INFO: STARTING STEP 112
2024-09-03 22:37:16,238 [BombeRLeWorld] INFO: Agent <linear_q> chose action UP in 0.00s.
2024-09-03 22:37:16,239 [BombeRLeWorld] INFO: Agent <linear_q> stayed within acceptable think time.
2024-09-03 22:37:16,336 [BombeRLeWorld] INFO: STARTING STEP 113
2024-09-03 22:37:16,338 [BombeRLeWorld] INFO: Agent <linear_q> chose action UP in 0.00s.
2024-09-03 22:37:16,338 [BombeRLeWorld] INFO: Agent <linear_q> stayed within acceptable think time.
2024-09-03 22:37:16,437 [BombeRLeWorld] INFO: STARTING STEP 114
2024-09-03 22:37:16,439 [BombeRLeWorld] INFO: Agent <linear_q> chose action UP in 0.00s.
2024-09-03 22:37:16,440 [BombeRLeWorld] INFO: Agent <linear_q> stayed within acceptable think time.
2024-09-03 22:37:16,537 [BombeRLeWorld] INFO: STARTING STEP 115
2024-09-03 22:37:16,539 [BombeRLeWorld] INFO: Agent <linear_q> chose action UP in 0.00s.
2024-09-03 22:37:16,539 [BombeRLeWorld] INFO: Agent <linear_q> stayed within acceptable think time.
2024-09-03 22:37:16,640 [BombeRLeWorld] INFO: STARTING STEP 116
2024-09-03 22:37:16,641 [BombeRLeWorld] INFO: Agent <linear_q> chose action UP in 0.00s.
2024-09-03 22:37:16,641 [BombeRLeWorld] INFO: Agent <linear_q> stayed within acceptable think time.
2024-09-03 22:37:16,740 [BombeRLeWorld] INFO: STARTING STEP 117
2024-09-03 22:37:16,741 [BombeRLeWorld] INFO: Agent <linear_q> chose action UP in 0.00s.
2024-09-03 22:37:16,741 [BombeRLeWorld] INFO: Agent <linear_q> stayed within acceptable think time.
2024-09-03 22:37:16,842 [BombeRLeWorld] INFO: STARTING STEP 118
2024-09-03 22:37:16,843 [BombeRLeWorld] INFO: Agent <linear_q> chose action UP in 0.00s.
2024-09-03 22:37:16,843 [BombeRLeWorld] INFO: Agent <linear_q> stayed within acceptable think time.
2024-09-03 22:37:16,942 [BombeRLeWorld] INFO: STARTING STEP 119
2024-09-03 22:37:16,943 [BombeRLeWorld] INFO: Agent <linear_q> chose action UP in 0.00s.
2024-09-03 22:37:16,943 [BombeRLeWorld] INFO: Agent <linear_q> stayed within acceptable think time.
2024-09-03 22:37:17,042 [BombeRLeWorld] INFO: STARTING STEP 120
2024-09-03 22:37:17,043 [BombeRLeWorld] INFO: Agent <linear_q> chose action UP in 0.00s.
2024-09-03 22:37:17,043 [BombeRLeWorld] INFO: Agent <linear_q> stayed within acceptable think time.
2024-09-03 22:37:17,142 [BombeRLeWorld] INFO: STARTING STEP 121
2024-09-03 22:37:17,143 [BombeRLeWorld] INFO: Agent <linear_q> chose action UP in 0.00s.
2024-09-03 22:37:17,144 [BombeRLeWorld] INFO: Agent <linear_q> stayed within acceptable think time.
2024-09-03 22:37:17,243 [BombeRLeWorld] INFO: STARTING STEP 122
2024-09-03 22:37:17,244 [BombeRLeWorld] INFO: Agent <linear_q> chose action UP in 0.00s.
2024-09-03 22:37:17,245 [BombeRLeWorld] INFO: Agent <linear_q> stayed within acceptable think time.
2024-09-03 22:37:17,344 [BombeRLeWorld] INFO: STARTING STEP 123
2024-09-03 22:37:17,345 [BombeRLeWorld] INFO: Agent <linear_q> chose action UP in 0.00s.
2024-09-03 22:37:17,346 [BombeRLeWorld] INFO: Agent <linear_q> stayed within acceptable think time.
2024-09-03 22:37:17,445 [BombeRLeWorld] INFO: STARTING STEP 124
2024-09-03 22:37:17,446 [BombeRLeWorld] INFO: Agent <linear_q> chose action UP in 0.00s.
2024-09-03 22:37:17,446 [BombeRLeWorld] INFO: Agent <linear_q> stayed within acceptable think time.
2024-09-03 22:37:17,543 [BombeRLeWorld] INFO: STARTING STEP 125
2024-09-03 22:37:17,544 [BombeRLeWorld] INFO: Agent <linear_q> chose action UP in 0.00s.
2024-09-03 22:37:17,544 [BombeRLeWorld] INFO: Agent <linear_q> stayed within acceptable think time.
2024-09-03 22:37:17,649 [BombeRLeWorld] INFO: STARTING STEP 126
2024-09-03 22:37:17,650 [BombeRLeWorld] INFO: Agent <linear_q> chose action UP in 0.00s.
2024-09-03 22:37:17,651 [BombeRLeWorld] INFO: Agent <linear_q> stayed within acceptable think time.
2024-09-03 22:37:17,747 [BombeRLeWorld] INFO: STARTING STEP 127
2024-09-03 22:37:17,748 [BombeRLeWorld] INFO: Agent <linear_q> chose action UP in 0.00s.
2024-09-03 22:37:17,748 [BombeRLeWorld] INFO: Agent <linear_q> stayed within acceptable think time.
